2019-05-15 13:37:12 TRACE Searching for key 'logging.exception-conversion-word' in PropertySource 'servletConfigInitParams'
2019-05-15 13:37:12 TRACE Searching for key 'logging.exception-conversion-word' in PropertySource 'servletContextInitParams'
2019-05-15 13:37:12 TRACE Searching for key 'logging.exception-conversion-word' in PropertySource 'systemProperties'
2019-05-15 13:37:12 TRACE Searching for key 'logging.exception-conversion-word' in PropertySource 'systemEnvironment'
2019-05-15 13:37:12 TRACE Searching for key 'logging.exception-conversion-word' in PropertySource 'random'
2019-05-15 13:37:12 TRACE Searching for key 'logging.exception-conversion-word' in PropertySource 'applicationConfig: [file:./config/application.properties]'
2019-05-15 13:37:12 TRACE Searching for key 'logging.exception-conversion-word' in PropertySource 'applicationConfig: [classpath:/application.properties]'
2019-05-15 13:37:12 TRACE Could not find key 'logging.exception-conversion-word' in any property source
2019-05-15 13:37:12 TRACE Searching for key 'logging.pattern.console' in PropertySource 'servletConfigInitParams'
2019-05-15 13:37:12 TRACE Searching for key 'logging.pattern.console' in PropertySource 'servletContextInitParams'
2019-05-15 13:37:12 TRACE Searching for key 'logging.pattern.console' in PropertySource 'systemProperties'
2019-05-15 13:37:12 TRACE Searching for key 'logging.pattern.console' in PropertySource 'systemEnvironment'
2019-05-15 13:37:12 TRACE Searching for key 'logging.pattern.console' in PropertySource 'random'
2019-05-15 13:37:12 TRACE Searching for key 'logging.pattern.console' in PropertySource 'applicationConfig: [file:./config/application.properties]'
2019-05-15 13:37:12 TRACE Searching for key 'logging.pattern.console' in PropertySource 'applicationConfig: [classpath:/application.properties]'
2019-05-15 13:37:12 TRACE Could not find key 'logging.pattern.console' in any property source
2019-05-15 13:37:12 TRACE Searching for key 'logging.pattern.file' in PropertySource 'servletConfigInitParams'
2019-05-15 13:37:12 TRACE Searching for key 'logging.pattern.file' in PropertySource 'servletContextInitParams'
2019-05-15 13:37:12 TRACE Searching for key 'logging.pattern.file' in PropertySource 'systemProperties'
2019-05-15 13:37:12 TRACE Searching for key 'logging.pattern.file' in PropertySource 'systemEnvironment'
2019-05-15 13:37:12 TRACE Searching for key 'logging.pattern.file' in PropertySource 'random'
2019-05-15 13:37:12 TRACE Searching for key 'logging.pattern.file' in PropertySource 'applicationConfig: [file:./config/application.properties]'
2019-05-15 13:37:12 TRACE Searching for key 'logging.pattern.file' in PropertySource 'applicationConfig: [classpath:/application.properties]'
2019-05-15 13:37:12 TRACE Could not find key 'logging.pattern.file' in any property source
2019-05-15 13:37:12 TRACE Searching for key 'logging.file.clean-history-on-start' in PropertySource 'servletConfigInitParams'
2019-05-15 13:37:12 TRACE Searching for key 'logging.file.clean-history-on-start' in PropertySource 'servletContextInitParams'
2019-05-15 13:37:12 TRACE Searching for key 'logging.file.clean-history-on-start' in PropertySource 'systemProperties'
2019-05-15 13:37:12 TRACE Searching for key 'logging.file.clean-history-on-start' in PropertySource 'systemEnvironment'
2019-05-15 13:37:12 TRACE Searching for key 'logging.file.clean-history-on-start' in PropertySource 'random'
2019-05-15 13:37:12 TRACE Searching for key 'logging.file.clean-history-on-start' in PropertySource 'applicationConfig: [file:./config/application.properties]'
2019-05-15 13:37:12 TRACE Searching for key 'logging.file.clean-history-on-start' in PropertySource 'applicationConfig: [classpath:/application.properties]'
2019-05-15 13:37:12 TRACE Could not find key 'logging.file.clean-history-on-start' in any property source
2019-05-15 13:37:12 TRACE Searching for key 'logging.file.max-history' in PropertySource 'servletConfigInitParams'
2019-05-15 13:37:12 TRACE Searching for key 'logging.file.max-history' in PropertySource 'servletContextInitParams'
2019-05-15 13:37:12 TRACE Searching for key 'logging.file.max-history' in PropertySource 'systemProperties'
2019-05-15 13:37:12 TRACE Searching for key 'logging.file.max-history' in PropertySource 'systemEnvironment'
2019-05-15 13:37:12 TRACE Searching for key 'logging.file.max-history' in PropertySource 'random'
2019-05-15 13:37:12 TRACE Searching for key 'logging.file.max-history' in PropertySource 'applicationConfig: [file:./config/application.properties]'
2019-05-15 13:37:12 TRACE Searching for key 'logging.file.max-history' in PropertySource 'applicationConfig: [classpath:/application.properties]'
2019-05-15 13:37:12 TRACE Could not find key 'logging.file.max-history' in any property source
2019-05-15 13:37:12 TRACE Searching for key 'logging.file.max-size' in PropertySource 'servletConfigInitParams'
2019-05-15 13:37:12 TRACE Searching for key 'logging.file.max-size' in PropertySource 'servletContextInitParams'
2019-05-15 13:37:12 TRACE Searching for key 'logging.file.max-size' in PropertySource 'systemProperties'
2019-05-15 13:37:12 TRACE Searching for key 'logging.file.max-size' in PropertySource 'systemEnvironment'
2019-05-15 13:37:12 TRACE Searching for key 'logging.file.max-size' in PropertySource 'random'
2019-05-15 13:37:12 TRACE Searching for key 'logging.file.max-size' in PropertySource 'applicationConfig: [file:./config/application.properties]'
2019-05-15 13:37:12 TRACE Searching for key 'logging.file.max-size' in PropertySource 'applicationConfig: [classpath:/application.properties]'
2019-05-15 13:37:12 TRACE Could not find key 'logging.file.max-size' in any property source
2019-05-15 13:37:12 TRACE Searching for key 'logging.file.total-size-cap' in PropertySource 'servletConfigInitParams'
2019-05-15 13:37:12 TRACE Searching for key 'logging.file.total-size-cap' in PropertySource 'servletContextInitParams'
2019-05-15 13:37:12 TRACE Searching for key 'logging.file.total-size-cap' in PropertySource 'systemProperties'
2019-05-15 13:37:12 TRACE Searching for key 'logging.file.total-size-cap' in PropertySource 'systemEnvironment'
2019-05-15 13:37:12 TRACE Searching for key 'logging.file.total-size-cap' in PropertySource 'random'
2019-05-15 13:37:12 TRACE Searching for key 'logging.file.total-size-cap' in PropertySource 'applicationConfig: [file:./config/application.properties]'
2019-05-15 13:37:12 TRACE Searching for key 'logging.file.total-size-cap' in PropertySource 'applicationConfig: [classpath:/application.properties]'
2019-05-15 13:37:12 TRACE Could not find key 'logging.file.total-size-cap' in any property source
2019-05-15 13:37:12 TRACE Searching for key 'logging.pattern.level' in PropertySource 'servletConfigInitParams'
2019-05-15 13:37:12 TRACE Searching for key 'logging.pattern.level' in PropertySource 'servletContextInitParams'
2019-05-15 13:37:12 TRACE Searching for key 'logging.pattern.level' in PropertySource 'systemProperties'
2019-05-15 13:37:12 TRACE Searching for key 'logging.pattern.level' in PropertySource 'systemEnvironment'
2019-05-15 13:37:12 TRACE Searching for key 'logging.pattern.level' in PropertySource 'random'
2019-05-15 13:37:12 TRACE Searching for key 'logging.pattern.level' in PropertySource 'applicationConfig: [file:./config/application.properties]'
2019-05-15 13:37:12 TRACE Searching for key 'logging.pattern.level' in PropertySource 'applicationConfig: [classpath:/application.properties]'
2019-05-15 13:37:12 TRACE Could not find key 'logging.pattern.level' in any property source
2019-05-15 13:37:12 TRACE Searching for key 'logging.pattern.dateformat' in PropertySource 'servletConfigInitParams'
2019-05-15 13:37:12 TRACE Searching for key 'logging.pattern.dateformat' in PropertySource 'servletContextInitParams'
2019-05-15 13:37:12 TRACE Searching for key 'logging.pattern.dateformat' in PropertySource 'systemProperties'
2019-05-15 13:37:12 TRACE Searching for key 'logging.pattern.dateformat' in PropertySource 'systemEnvironment'
2019-05-15 13:37:12 TRACE Searching for key 'logging.pattern.dateformat' in PropertySource 'random'
2019-05-15 13:37:12 TRACE Searching for key 'logging.pattern.dateformat' in PropertySource 'applicationConfig: [file:./config/application.properties]'
2019-05-15 13:37:12 TRACE Searching for key 'logging.pattern.dateformat' in PropertySource 'applicationConfig: [classpath:/application.properties]'
2019-05-15 13:37:12 TRACE Could not find key 'logging.pattern.dateformat' in any property source
2019-05-15 13:37:12,417 main INFO Log4j appears to be running in a Servlet environment, but there's no log4j-web module available. If you want better web container support, please add the log4j-web JAR to your web archive or server lib directory.

  .   ____          _            __ _ _
 /\\ / ___'_ __ _ _(_)_ __  __ _ \ \ \ \
( ( )\___ | '_ | '_| | '_ \/ _` | \ \ \ \
 \\/  ___)| |_)| | | | | || (_| |  ) ) ) )
  '  |____| .__|_| |_|_| |_\__, | / / / /
 =========|_|==============|___/=/_/_/_/
 :: Spring Boot ::             (v2.2.0.M1)

May 15, 2019 1:37:54 PM org.apache.coyote.AbstractProtocol init
INFO: Initializing ProtocolHandler ["http-nio-9090"]
May 15, 2019 1:37:55 PM org.apache.catalina.core.StandardService startInternal
INFO: Starting service [Tomcat]
May 15, 2019 1:37:55 PM org.apache.catalina.core.StandardEngine startInternal
INFO: Starting Servlet engine: [Apache Tomcat/9.0.16]
May 15, 2019 1:37:55 PM org.apache.catalina.core.AprLifecycleListener lifecycleEvent
INFO: The APR based Apache Tomcat Native library which allows optimal performance in production environments was not found on the java.library.path: [/usr/java/packages/lib/amd64:/usr/lib/x86_64-linux-gnu/jni:/lib/x86_64-linux-gnu:/usr/lib/x86_64-linux-gnu:/usr/lib/jni:/lib:/usr/lib]
May 15, 2019 1:37:57 PM org.apache.catalina.core.ApplicationContext log
INFO: Initializing Spring embedded WebApplicationContext
May 15, 2019 1:38:26 PM org.apache.coyote.AbstractProtocol start
INFO: Starting ProtocolHandler ["http-nio-9090"]
May 15, 2019 1:38:32 PM org.apache.catalina.core.ApplicationContext log
INFO: Initializing Spring DispatcherServlet 'dispatcherServlet'
May 16, 2019 9:40:29 AM org.apache.coyote.http11.Http11Processor service
INFO: Error parsing HTTP request header
 Note: further occurrences of HTTP request parsing errors will be logged at DEBUG level.
java.lang.IllegalArgumentException: Invalid character found in method name. HTTP method names must be tokens
	at org.apache.coyote.http11.Http11InputBuffer.parseRequestLine(Http11InputBuffer.java:414)
	at org.apache.coyote.http11.Http11Processor.service(Http11Processor.java:294)
	at org.apache.coyote.AbstractProcessorLight.process(AbstractProcessorLight.java:66)
	at org.apache.coyote.AbstractProtocol$ConnectionHandler.process(AbstractProtocol.java:834)
	at org.apache.tomcat.util.net.NioEndpoint$SocketProcessor.doRun(NioEndpoint.java:1415)
	at org.apache.tomcat.util.net.SocketProcessorBase.run(SocketProcessorBase.java:49)
	at java.util.concurrent.ThreadPoolExecutor.runWorker(ThreadPoolExecutor.java:1149)
	at java.util.concurrent.ThreadPoolExecutor$Worker.run(ThreadPoolExecutor.java:624)
	at org.apache.tomcat.util.threads.TaskThread$WrappingRunnable.run(TaskThread.java:61)
	at java.lang.Thread.run(Thread.java:748)

May 18, 2019 12:28:53 PM org.apache.coyote.http11.Http11Processor service
INFO: Error parsing HTTP request header
 Note: further occurrences of HTTP request parsing errors will be logged at DEBUG level.
java.lang.IllegalArgumentException: Invalid character found in method name. HTTP method names must be tokens
	at org.apache.coyote.http11.Http11InputBuffer.parseRequestLine(Http11InputBuffer.java:414)
	at org.apache.coyote.http11.Http11Processor.service(Http11Processor.java:294)
	at org.apache.coyote.AbstractProcessorLight.process(AbstractProcessorLight.java:66)
	at org.apache.coyote.AbstractProtocol$ConnectionHandler.process(AbstractProtocol.java:834)
	at org.apache.tomcat.util.net.NioEndpoint$SocketProcessor.doRun(NioEndpoint.java:1415)
	at org.apache.tomcat.util.net.SocketProcessorBase.run(SocketProcessorBase.java:49)
	at java.util.concurrent.ThreadPoolExecutor.runWorker(ThreadPoolExecutor.java:1149)
	at java.util.concurrent.ThreadPoolExecutor$Worker.run(ThreadPoolExecutor.java:624)
	at org.apache.tomcat.util.threads.TaskThread$WrappingRunnable.run(TaskThread.java:61)
	at java.lang.Thread.run(Thread.java:748)

May 19, 2019 3:07:15 PM org.apache.coyote.http11.Http11Processor service
INFO: Error parsing HTTP request header
 Note: further occurrences of HTTP request parsing errors will be logged at DEBUG level.
java.lang.IllegalArgumentException: Invalid character found in method name. HTTP method names must be tokens
	at org.apache.coyote.http11.Http11InputBuffer.parseRequestLine(Http11InputBuffer.java:414)
	at org.apache.coyote.http11.Http11Processor.service(Http11Processor.java:294)
	at org.apache.coyote.AbstractProcessorLight.process(AbstractProcessorLight.java:66)
	at org.apache.coyote.AbstractProtocol$ConnectionHandler.process(AbstractProtocol.java:834)
	at org.apache.tomcat.util.net.NioEndpoint$SocketProcessor.doRun(NioEndpoint.java:1415)
	at org.apache.tomcat.util.net.SocketProcessorBase.run(SocketProcessorBase.java:49)
	at java.util.concurrent.ThreadPoolExecutor.runWorker(ThreadPoolExecutor.java:1149)
	at java.util.concurrent.ThreadPoolExecutor$Worker.run(ThreadPoolExecutor.java:624)
	at org.apache.tomcat.util.threads.TaskThread$WrappingRunnable.run(TaskThread.java:61)
	at java.lang.Thread.run(Thread.java:748)

May 23, 2019 4:41:12 PM org.apache.coyote.http11.Http11Processor service
INFO: Error parsing HTTP request header
 Note: further occurrences of HTTP request parsing errors will be logged at DEBUG level.
java.lang.IllegalArgumentException: Invalid character found in method name. HTTP method names must be tokens
	at org.apache.coyote.http11.Http11InputBuffer.parseRequestLine(Http11InputBuffer.java:414)
	at org.apache.coyote.http11.Http11Processor.service(Http11Processor.java:294)
	at org.apache.coyote.AbstractProcessorLight.process(AbstractProcessorLight.java:66)
	at org.apache.coyote.AbstractProtocol$ConnectionHandler.process(AbstractProtocol.java:834)
	at org.apache.tomcat.util.net.NioEndpoint$SocketProcessor.doRun(NioEndpoint.java:1415)
	at org.apache.tomcat.util.net.SocketProcessorBase.run(SocketProcessorBase.java:49)
	at java.util.concurrent.ThreadPoolExecutor.runWorker(ThreadPoolExecutor.java:1149)
	at java.util.concurrent.ThreadPoolExecutor$Worker.run(ThreadPoolExecutor.java:624)
	at org.apache.tomcat.util.threads.TaskThread$WrappingRunnable.run(TaskThread.java:61)
	at java.lang.Thread.run(Thread.java:748)

