2019-05-25 04:45:22 TRACE Searching for key 'logging.exception-conversion-word' in PropertySource 'servletConfigInitParams'
2019-05-25 04:45:22 TRACE Searching for key 'logging.exception-conversion-word' in PropertySource 'servletContextInitParams'
2019-05-25 04:45:22 TRACE Searching for key 'logging.exception-conversion-word' in PropertySource 'systemProperties'
2019-05-25 04:45:22 TRACE Searching for key 'logging.exception-conversion-word' in PropertySource 'systemEnvironment'
2019-05-25 04:45:22 TRACE Searching for key 'logging.exception-conversion-word' in PropertySource 'random'
2019-05-25 04:45:22 TRACE Searching for key 'logging.exception-conversion-word' in PropertySource 'applicationConfig: [file:./config/application.properties]'
2019-05-25 04:45:22 TRACE Searching for key 'logging.exception-conversion-word' in PropertySource 'applicationConfig: [classpath:/application.properties]'
2019-05-25 04:45:22 TRACE Could not find key 'logging.exception-conversion-word' in any property source
2019-05-25 04:45:22 TRACE Searching for key 'logging.pattern.console' in PropertySource 'servletConfigInitParams'
2019-05-25 04:45:22 TRACE Searching for key 'logging.pattern.console' in PropertySource 'servletContextInitParams'
2019-05-25 04:45:22 TRACE Searching for key 'logging.pattern.console' in PropertySource 'systemProperties'
2019-05-25 04:45:22 TRACE Searching for key 'logging.pattern.console' in PropertySource 'systemEnvironment'
2019-05-25 04:45:22 TRACE Searching for key 'logging.pattern.console' in PropertySource 'random'
2019-05-25 04:45:22 TRACE Searching for key 'logging.pattern.console' in PropertySource 'applicationConfig: [file:./config/application.properties]'
2019-05-25 04:45:22 TRACE Searching for key 'logging.pattern.console' in PropertySource 'applicationConfig: [classpath:/application.properties]'
2019-05-25 04:45:22 TRACE Could not find key 'logging.pattern.console' in any property source
2019-05-25 04:45:22 TRACE Searching for key 'logging.pattern.file' in PropertySource 'servletConfigInitParams'
2019-05-25 04:45:22 TRACE Searching for key 'logging.pattern.file' in PropertySource 'servletContextInitParams'
2019-05-25 04:45:22 TRACE Searching for key 'logging.pattern.file' in PropertySource 'systemProperties'
2019-05-25 04:45:22 TRACE Searching for key 'logging.pattern.file' in PropertySource 'systemEnvironment'
2019-05-25 04:45:22 TRACE Searching for key 'logging.pattern.file' in PropertySource 'random'
2019-05-25 04:45:22 TRACE Searching for key 'logging.pattern.file' in PropertySource 'applicationConfig: [file:./config/application.properties]'
2019-05-25 04:45:22 TRACE Searching for key 'logging.pattern.file' in PropertySource 'applicationConfig: [classpath:/application.properties]'
2019-05-25 04:45:22 TRACE Could not find key 'logging.pattern.file' in any property source
2019-05-25 04:45:22 TRACE Searching for key 'logging.file.clean-history-on-start' in PropertySource 'servletConfigInitParams'
2019-05-25 04:45:22 TRACE Searching for key 'logging.file.clean-history-on-start' in PropertySource 'servletContextInitParams'
2019-05-25 04:45:22 TRACE Searching for key 'logging.file.clean-history-on-start' in PropertySource 'systemProperties'
2019-05-25 04:45:22 TRACE Searching for key 'logging.file.clean-history-on-start' in PropertySource 'systemEnvironment'
2019-05-25 04:45:22 TRACE Searching for key 'logging.file.clean-history-on-start' in PropertySource 'random'
2019-05-25 04:45:22 TRACE Searching for key 'logging.file.clean-history-on-start' in PropertySource 'applicationConfig: [file:./config/application.properties]'
2019-05-25 04:45:22 TRACE Searching for key 'logging.file.clean-history-on-start' in PropertySource 'applicationConfig: [classpath:/application.properties]'
2019-05-25 04:45:22 TRACE Could not find key 'logging.file.clean-history-on-start' in any property source
2019-05-25 04:45:22 TRACE Searching for key 'logging.file.max-history' in PropertySource 'servletConfigInitParams'
2019-05-25 04:45:22 TRACE Searching for key 'logging.file.max-history' in PropertySource 'servletContextInitParams'
2019-05-25 04:45:22 TRACE Searching for key 'logging.file.max-history' in PropertySource 'systemProperties'
2019-05-25 04:45:22 TRACE Searching for key 'logging.file.max-history' in PropertySource 'systemEnvironment'
2019-05-25 04:45:22 TRACE Searching for key 'logging.file.max-history' in PropertySource 'random'
2019-05-25 04:45:22 TRACE Searching for key 'logging.file.max-history' in PropertySource 'applicationConfig: [file:./config/application.properties]'
2019-05-25 04:45:22 TRACE Searching for key 'logging.file.max-history' in PropertySource 'applicationConfig: [classpath:/application.properties]'
2019-05-25 04:45:22 TRACE Could not find key 'logging.file.max-history' in any property source
2019-05-25 04:45:22 TRACE Searching for key 'logging.file.max-size' in PropertySource 'servletConfigInitParams'
2019-05-25 04:45:22 TRACE Searching for key 'logging.file.max-size' in PropertySource 'servletContextInitParams'
2019-05-25 04:45:22 TRACE Searching for key 'logging.file.max-size' in PropertySource 'systemProperties'
2019-05-25 04:45:22 TRACE Searching for key 'logging.file.max-size' in PropertySource 'systemEnvironment'
2019-05-25 04:45:22 TRACE Searching for key 'logging.file.max-size' in PropertySource 'random'
2019-05-25 04:45:22 TRACE Searching for key 'logging.file.max-size' in PropertySource 'applicationConfig: [file:./config/application.properties]'
2019-05-25 04:45:22 TRACE Searching for key 'logging.file.max-size' in PropertySource 'applicationConfig: [classpath:/application.properties]'
2019-05-25 04:45:22 TRACE Could not find key 'logging.file.max-size' in any property source
2019-05-25 04:45:22 TRACE Searching for key 'logging.file.total-size-cap' in PropertySource 'servletConfigInitParams'
2019-05-25 04:45:22 TRACE Searching for key 'logging.file.total-size-cap' in PropertySource 'servletContextInitParams'
2019-05-25 04:45:22 TRACE Searching for key 'logging.file.total-size-cap' in PropertySource 'systemProperties'
2019-05-25 04:45:22 TRACE Searching for key 'logging.file.total-size-cap' in PropertySource 'systemEnvironment'
2019-05-25 04:45:22 TRACE Searching for key 'logging.file.total-size-cap' in PropertySource 'random'
2019-05-25 04:45:22 TRACE Searching for key 'logging.file.total-size-cap' in PropertySource 'applicationConfig: [file:./config/application.properties]'
2019-05-25 04:45:22 TRACE Searching for key 'logging.file.total-size-cap' in PropertySource 'applicationConfig: [classpath:/application.properties]'
2019-05-25 04:45:22 TRACE Could not find key 'logging.file.total-size-cap' in any property source
2019-05-25 04:45:22 TRACE Searching for key 'logging.pattern.level' in PropertySource 'servletConfigInitParams'
2019-05-25 04:45:22 TRACE Searching for key 'logging.pattern.level' in PropertySource 'servletContextInitParams'
2019-05-25 04:45:22 TRACE Searching for key 'logging.pattern.level' in PropertySource 'systemProperties'
2019-05-25 04:45:22 TRACE Searching for key 'logging.pattern.level' in PropertySource 'systemEnvironment'
2019-05-25 04:45:22 TRACE Searching for key 'logging.pattern.level' in PropertySource 'random'
2019-05-25 04:45:22 TRACE Searching for key 'logging.pattern.level' in PropertySource 'applicationConfig: [file:./config/application.properties]'
2019-05-25 04:45:22 TRACE Searching for key 'logging.pattern.level' in PropertySource 'applicationConfig: [classpath:/application.properties]'
2019-05-25 04:45:22 TRACE Could not find key 'logging.pattern.level' in any property source
2019-05-25 04:45:22 TRACE Searching for key 'logging.pattern.dateformat' in PropertySource 'servletConfigInitParams'
2019-05-25 04:45:22 TRACE Searching for key 'logging.pattern.dateformat' in PropertySource 'servletContextInitParams'
2019-05-25 04:45:22 TRACE Searching for key 'logging.pattern.dateformat' in PropertySource 'systemProperties'
2019-05-25 04:45:22 TRACE Searching for key 'logging.pattern.dateformat' in PropertySource 'systemEnvironment'
2019-05-25 04:45:22 TRACE Searching for key 'logging.pattern.dateformat' in PropertySource 'random'
2019-05-25 04:45:22 TRACE Searching for key 'logging.pattern.dateformat' in PropertySource 'applicationConfig: [file:./config/application.properties]'
2019-05-25 04:45:22 TRACE Searching for key 'logging.pattern.dateformat' in PropertySource 'applicationConfig: [classpath:/application.properties]'
2019-05-25 04:45:22 TRACE Could not find key 'logging.pattern.dateformat' in any property source
